0 info it worked if it ends with ok
1 verbose cli [ '/usr/local/bin/node', '/usr/local/bin/npm', 'install' ]
2 info using npm@1.4.28
3 info using node@v0.10.32
4 verbose readDependencies using package.json deps
5 verbose install where, deps [ '/home/linux/Escritorio/NotThatEasyTaxi/ReactBases',
5 verbose install   [ '@material-ui/core',
5 verbose install     '@material-ui/icons',
5 verbose install     'create-react-context',
5 verbose install     'leaflet',
5 verbose install     'react',
5 verbose install     'react-dom',
5 verbose install     'react-leaflet',
5 verbose install     'react-map-gl',
5 verbose install     'react-router',
5 verbose install     'react-scripts' ] ]
6 info preinstall proyecto1@0.1.0
7 warn package.json babel-plugin-named-asset-import@0.3.1 No README data
8 warn package.json camel-case@3.0.0 No README data
9 warn package.json copy-descriptor@0.1.1 No README data
10 warn package.json dom-serializer@0.1.1 No README data
11 warn package.json eslint-module-utils@2.3.0 No README data
12 warn package.json estraverse@4.2.0 No README data
13 warn package.json get-value@2.0.6 No README data
14 warn package.json jest-config@23.6.0 No description
15 warn package.json jest-config@23.6.0 No README data
16 warn package.json jest-diff@23.6.0 No description
17 warn package.json jest-diff@23.6.0 No README data
18 warn package.json jest-environment-jsdom@23.4.0 No description
19 warn package.json jest-environment-jsdom@23.4.0 No README data
20 warn package.json jest-haste-map@23.6.0 No description
21 warn package.json jest-haste-map@23.6.0 No README data
22 warn package.json jest-environment-node@23.4.0 No description
23 warn package.json jest-environment-node@23.4.0 No README data
24 warn package.json jest-jasmine2@23.6.0 No description
25 warn package.json jest-jasmine2@23.6.0 No README data
26 warn package.json jest-matcher-utils@23.6.0 No README data
27 warn package.json jest-message-util@23.4.0 No description
28 warn package.json jest-message-util@23.4.0 No README data
29 warn package.json jest-regex-util@23.3.0 No description
30 warn package.json jest-regex-util@23.3.0 No README data
31 warn package.json jest-resolve@23.6.0 No description
32 warn package.json jest-resolve@23.6.0 No README data
33 warn package.json jest-resolve-dependencies@23.6.0 No description
34 warn package.json jest-resolve-dependencies@23.6.0 No README data
35 warn package.json jest-runtime@23.6.0 No description
36 warn package.json jest-runtime@23.6.0 No README data
37 warn package.json jest-runner@23.6.0 No description
38 warn package.json jest-runner@23.6.0 No README data
39 warn package.json jest-util@23.4.0 No description
40 warn package.json jest-util@23.4.0 No README data
41 warn package.json jest-snapshot@23.6.0 No description
42 warn package.json jest-snapshot@23.6.0 No README data
43 warn package.json jest-watcher@23.4.0 No README data
44 warn package.json loader-fs-cache@1.0.1 No repository field.
45 warn package.json loader-fs-cache@1.0.1 No README data
46 warn package.json jest-get-type@22.4.3 No README data
47 warn package.json object-copy@0.1.0 No README data
48 warn package.json path-is-inside@1.0.2 No README data
49 warn package.json setimmediate@1.0.5 No README data
50 warn package.json static-extend@0.1.2 No README data
51 warn package.json assert@1.4.1 assert is also the name of a node core module.
52 warn package.json buffer@4.9.1 buffer is also the name of a node core module.
53 warn package.json babel-core@7.0.0-bridge.0 No repository field.
54 warn package.json dotenv-expand@4.2.0 No repository field.
55 warn package.json events@3.0.0 events is also the name of a node core module.
56 warn package.json expect.js@0.2.0 No repository field.
57 warn package.json indexof@0.0.1 No repository field.
58 warn package.json punycode@2.1.1 punycode is also the name of a node core module.
59 warn package.json querystring@0.2.0 querystring is also the name of a node core module.
60 warn package.json quickselect@2.0.0 No repository field.
61 warn package.json sharkdown@0.1.0 No repository field.
62 warn package.json string_decoder@1.1.1 string_decoder is also the name of a node core module.
63 warn package.json tiny-invariant@1.0.3 No repository field.
64 warn package.json trim@0.0.1 No repository field.
65 warn package.json url@0.11.0 url is also the name of a node core module.
66 warn package.json util@0.11.1 util is also the name of a node core module.
67 verbose readDependencies using package.json deps
68 verbose already installed skipping react-scripts@2.1.5 /home/linux/Escritorio/NotThatEasyTaxi/ReactBases
69 verbose cache add [ '@material-ui/core@^3.9.1', null ]
70 verbose cache add name=undefined spec="@material-ui/core@^3.9.1" args=["@material-ui/core@^3.9.1",null]
71 verbose parsed url { protocol: null,
71 verbose parsed url   slashes: null,
71 verbose parsed url   auth: null,
71 verbose parsed url   host: null,
71 verbose parsed url   port: null,
71 verbose parsed url   hostname: null,
71 verbose parsed url   hash: null,
71 verbose parsed url   search: null,
71 verbose parsed url   query: null,
71 verbose parsed url   pathname: '@material-ui/core@^3.9.1',
71 verbose parsed url   path: '@material-ui/core@^3.9.1',
71 verbose parsed url   href: '@material-ui/core@^3.9.1' }
72 verbose cache add [ '@material-ui/icons@^3.0.2', null ]
73 verbose cache add name=undefined spec="@material-ui/icons@^3.0.2" args=["@material-ui/icons@^3.0.2",null]
74 verbose parsed url { protocol: null,
74 verbose parsed url   slashes: null,
74 verbose parsed url   auth: null,
74 verbose parsed url   host: null,
74 verbose parsed url   port: null,
74 verbose parsed url   hostname: null,
74 verbose parsed url   hash: null,
74 verbose parsed url   search: null,
74 verbose parsed url   query: null,
74 verbose parsed url   pathname: '@material-ui/icons@^3.0.2',
74 verbose parsed url   path: '@material-ui/icons@^3.0.2',
74 verbose parsed url   href: '@material-ui/icons@^3.0.2' }
75 verbose already installed skipping create-react-context@^0.2.3 /home/linux/Escritorio/NotThatEasyTaxi/ReactBases
76 verbose already installed skipping leaflet@^1.4.0 /home/linux/Escritorio/NotThatEasyTaxi/ReactBases
77 verbose cache add name="" spec="material-ui/core@^3.9.1" args=["","material-ui/core@^3.9.1"]
78 verbose parsed url { protocol: null,
78 verbose parsed url   slashes: null,
78 verbose parsed url   auth: null,
78 verbose parsed url   host: null,
78 verbose parsed url   port: null,
78 verbose parsed url   hostname: null,
78 verbose parsed url   hash: null,
78 verbose parsed url   search: null,
78 verbose parsed url   query: null,
78 verbose parsed url   pathname: 'material-ui/core@^3.9.1',
78 verbose parsed url   path: 'material-ui/core@^3.9.1',
78 verbose parsed url   href: 'material-ui/core@^3.9.1' }
79 verbose cache add name="" spec="material-ui/icons@^3.0.2" args=["","material-ui/icons@^3.0.2"]
80 verbose parsed url { protocol: null,
80 verbose parsed url   slashes: null,
80 verbose parsed url   auth: null,
80 verbose parsed url   host: null,
80 verbose parsed url   port: null,
80 verbose parsed url   hostname: null,
80 verbose parsed url   hash: null,
80 verbose parsed url   search: null,
80 verbose parsed url   query: null,
80 verbose parsed url   pathname: 'material-ui/icons@^3.0.2',
80 verbose parsed url   path: 'material-ui/icons@^3.0.2',
80 verbose parsed url   href: 'material-ui/icons@^3.0.2' }
81 verbose cache add name="material-ui/core" spec="^3.9.1" args=["material-ui/core","^3.9.1"]
82 verbose parsed url { protocol: null,
82 verbose parsed url   slashes: null,
82 verbose parsed url   auth: null,
82 verbose parsed url   host: null,
82 verbose parsed url   port: null,
82 verbose parsed url   hostname: null,
82 verbose parsed url   hash: null,
82 verbose parsed url   search: null,
82 verbose parsed url   query: null,
82 verbose parsed url   pathname: '^3.9.1',
82 verbose parsed url   path: '^3.9.1',
82 verbose parsed url   href: '^3.9.1' }
83 verbose addNamed [ 'material-ui/core', '^3.9.1' ]
84 verbose addNamed [ null, '>=3.9.1-0 <4.0.0-0' ]
85 verbose already installed skipping react@^16.8.3 /home/linux/Escritorio/NotThatEasyTaxi/ReactBases
86 verbose already installed skipping react-dom@^16.8.3 /home/linux/Escritorio/NotThatEasyTaxi/ReactBases
87 verbose cache add name="material-ui/icons" spec="^3.0.2" args=["material-ui/icons","^3.0.2"]
88 verbose parsed url { protocol: null,
88 verbose parsed url   slashes: null,
88 verbose parsed url   auth: null,
88 verbose parsed url   host: null,
88 verbose parsed url   port: null,
88 verbose parsed url   hostname: null,
88 verbose parsed url   hash: null,
88 verbose parsed url   search: null,
88 verbose parsed url   query: null,
88 verbose parsed url   pathname: '^3.0.2',
88 verbose parsed url   path: '^3.0.2',
88 verbose parsed url   href: '^3.0.2' }
89 verbose addNamed [ 'material-ui/icons', '^3.0.2' ]
90 verbose addNamed [ null, '>=3.0.2-0 <4.0.0-0' ]
91 silly lockFile 2052aa30-material-ui-core-3-9-1 material-ui/core@^3.9.1
92 verbose lock material-ui/core@^3.9.1 /home/linux/.npm/2052aa30-material-ui-core-3-9-1.lock
93 silly lockFile 8d917183-material-ui-icons-3-0-2 material-ui/icons@^3.0.2
94 verbose lock material-ui/icons@^3.0.2 /home/linux/.npm/8d917183-material-ui-icons-3-0-2.lock
95 verbose already installed skipping react-leaflet@^2.2.1 /home/linux/Escritorio/NotThatEasyTaxi/ReactBases
96 silly addNameRange { name: 'material-ui/core',
96 silly addNameRange   range: '>=3.9.1-0 <4.0.0-0',
96 silly addNameRange   hasData: false }
97 verbose already installed skipping react-map-gl@^4.0.14 /home/linux/Escritorio/NotThatEasyTaxi/ReactBases
98 silly addNameRange { name: 'material-ui/icons',
98 silly addNameRange   range: '>=3.0.2-0 <4.0.0-0',
98 silly addNameRange   hasData: false }
99 verbose already installed skipping react-router@^4.4.0 /home/linux/Escritorio/NotThatEasyTaxi/ReactBases
100 verbose request where is /material-ui/core
101 verbose request registry https://registry.npmjs.org/
102 verbose request id 99eb2198b726ce01
103 verbose url raw /material-ui/core
104 verbose url resolving [ 'https://registry.npmjs.org/', './material-ui/core' ]
105 verbose url resolved https://registry.npmjs.org/material-ui/core
106 verbose request where is https://registry.npmjs.org/material-ui/core
107 info trying registry request attempt 1 at 18:49:24
108 http GET https://registry.npmjs.org/material-ui/core
109 verbose request where is /material-ui/icons
110 verbose request registry https://registry.npmjs.org/
111 verbose url raw /material-ui/icons
112 verbose url resolving [ 'https://registry.npmjs.org/', './material-ui/icons' ]
113 verbose url resolved https://registry.npmjs.org/material-ui/icons
114 verbose request where is https://registry.npmjs.org/material-ui/icons
115 info trying registry request attempt 1 at 18:49:24
116 http GET https://registry.npmjs.org/material-ui/icons
117 http 405 https://registry.npmjs.org/material-ui/core
118 silly registry.get cb [ 405,
118 silly registry.get   { date: 'Sat, 16 Mar 2019 23:49:25 GMT',
118 silly registry.get     'content-type': 'application/json',
118 silly registry.get     'content-length': '63',
118 silly registry.get     connection: 'keep-alive',
118 silly registry.get     'set-cookie': [ '__cfduid=d84c69df661f41ba20ce5463b257e67461552780165; expires=Sun, 15-Mar-20 23:49:25 GMT; path=/; domain=.registry.npmjs.org; HttpOnly' ],
118 silly registry.get     'cf-ray': '4b8a9fa01a91b554-BOG',
118 silly registry.get     allow: 'PUT',
118 silly registry.get     'expect-ct': 'max-age=604800, report-uri="https://report-uri.cloudflare.com/cdn-cgi/beacon/expect-ct"',
118 silly registry.get     vary: 'Accept-Encoding',
118 silly registry.get     server: 'cloudflare' } ]
119 silly lockFile 2052aa30-material-ui-core-3-9-1 material-ui/core@^3.9.1
120 silly lockFile 2052aa30-material-ui-core-3-9-1 material-ui/core@^3.9.1
121 http 405 https://registry.npmjs.org/material-ui/icons
122 silly registry.get cb [ 405,
122 silly registry.get   { date: 'Sat, 16 Mar 2019 23:49:25 GMT',
122 silly registry.get     'content-type': 'application/json',
122 silly registry.get     'content-length': '63',
122 silly registry.get     connection: 'keep-alive',
122 silly registry.get     'set-cookie': [ '__cfduid=d7c42242f759faf42006defd368cfad411552780165; expires=Sun, 15-Mar-20 23:49:25 GMT; path=/; domain=.registry.npmjs.org; HttpOnly' ],
122 silly registry.get     'cf-ray': '4b8a9fa00947b59c-BOG',
122 silly registry.get     allow: 'PUT',
122 silly registry.get     'expect-ct': 'max-age=604800, report-uri="https://report-uri.cloudflare.com/cdn-cgi/beacon/expect-ct"',
122 silly registry.get     vary: 'Accept-Encoding',
122 silly registry.get     server: 'cloudflare' } ]
123 silly lockFile 8d917183-material-ui-icons-3-0-2 material-ui/icons@^3.0.2
124 silly lockFile 8d917183-material-ui-icons-3-0-2 material-ui/icons@^3.0.2
125 error Error: Method Not Allowed
125 error     at errorResponse (/usr/local/lib/node_modules/npm/lib/cache/add-named.js:260:10)
125 error     at /usr/local/lib/node_modules/npm/lib/cache/add-named.js:203:12
125 error     at saved (/usr/local/lib/node_modules/npm/node_modules/npm-registry-client/lib/get.js:167:7)
125 error     at Object.oncomplete (fs.js:107:15)
126 error If you need help, you may report this *entire* log,
126 error including the npm and node versions, at:
126 error     <http://github.com/npm/npm/issues>
127 error System Linux 4.4.0-31-generic
128 error command "/usr/local/bin/node" "/usr/local/bin/npm" "install"
129 error cwd /home/linux/Escritorio/NotThatEasyTaxi/ReactBases
130 error node -v v0.10.32
131 error npm -v 1.4.28
132 error code E405
133 verbose exit [ 1, true ]
